<?xml version="1.0" encoding="UTF-8"?>
<testsuite xmlns:xsi="http://www.w3.org/2001/XMLSchema-instance" xsi:noNamespaceSchemaLocation="https://maven.apache.org/surefire/maven-surefire-plugin/xsd/surefire-test-report-3.0.xsd" version="3.0" name="ups.edu.ec.negocio.GestionAnio_LectivoTest" time="0.047" tests="6" errors="0" skipped="0" failures="0">
  <properties>
[...]
</properties>
  <testcase name="testSave" classname="ups.edu.ec.negocio.GestionAnio_LectivoTest" time="0.031">
    <system-out><![CDATA[Se crea un nuevo Año Lectivo.
]]></system-out>
  </testcase>
  <testcase name="testFindById" classname="ups.edu.ec.negocio.GestionAnio_LectivoTest" time="0.003">
    <system-out><![CDATA[Se busca Año Lectivo: 1
]]></system-out>
  </testcase>
  <testcase name="testSaveThrowsExceptionOnNull" classname="ups.edu.ec.negocio.GestionAnio_LectivoTest" time="0.002"/>
  <testcase name="testDelete" classname="ups.edu.ec.negocio.GestionAnio_LectivoTest" time="0.003">
    <system-out><![CDATA[Se elimina Año Lectivo: 1
]]></system-out>
  </testcase>
  <testcase name="testGetAll" classname="ups.edu.ec.negocio.GestionAnio_LectivoTest" time="0.002"/>
  <testcase name="testUpdate" classname="ups.edu.ec.negocio.GestionAnio_LectivoTest" time="0.002">
    <system-out><![CDATA[Se actualiza Año Lectivo.
]]></system-out>
  </testcase>
</testsuite>