<?xml version="1.0" encoding="UTF-8"?>
<testsuite xmlns:xsi="http://www.w3.org/2001/XMLSchema-instance" xsi:noNamespaceSchemaLocation="https://maven.apache.org/surefire/maven-surefire-plugin/xsd/surefire-test-report-3.0.xsd" version="3.0" name="ups.edu.ec.negocio.GestionAlumnoTest" time="0.015" tests="6" errors="0" skipped="0" failures="0">
  <properties>
[...]
</properties>
  <testcase name="testSave" classname="ups.edu.ec.negocio.GestionAlumnoTest" time="0.009">
    <system-out><![CDATA[Se crea un nuevo Alumno.
]]></system-out>
  </testcase>
  <testcase name="testFindById" classname="ups.edu.ec.negocio.GestionAlumnoTest" time="0.001">
    <system-out><![CDATA[Se busca Alumno: 1
]]></system-out>
  </testcase>
  <testcase name="testSaveThrowsExceptionOnNull" classname="ups.edu.ec.negocio.GestionAlumnoTest" time="0.001"/>
  <testcase name="testDelete" classname="ups.edu.ec.negocio.GestionAlumnoTest" time="0.001">
    <system-out><![CDATA[Se elimina Alumno: 1
]]></system-out>
  </testcase>
  <testcase name="testGetAll" classname="ups.edu.ec.negocio.GestionAlumnoTest" time="0.001"/>
  <testcase name="testUpdate" classname="ups.edu.ec.negocio.GestionAlumnoTest" time="0.0">
    <system-out><![CDATA[Se actualiza Alumno.
]]></system-out>
  </testcase>
</testsuite>